<?xml version="1.0" encoding="UTF-8"?>
<testsuite xmlns:xsi="http://www.w3.org/2001/XMLSchema-instance" xsi:noNamespaceSchemaLocation="https://maven.apache.org/surefire/maven-surefire-plugin/xsd/surefire-test-report.xsd" version="3.0.1" name="com.example.LeaderboardTest" time="0.095" tests="4" errors="0" skipped="0" failures="0">
  <properties>
[...]
</properties>
  <testcase name="testAddHigherScoreExistingPlayer" classname="com.example.LeaderboardTest" time="0.048"/>
  <testcase name="testAddNewPlayer" classname="com.example.LeaderboardTest" time="0.003"/>
  <testcase name="testAddLowerScoreExistingPlayer" classname="com.example.LeaderboardTest" time="0.002"/>
  <testcase name="testAddSameScoreExistingPlayer" classname="com.example.LeaderboardTest" time="0.0"/>
</testsuite>